<?xml version="1.0" encoding="UTF-8"?>
<testng-results ignored="0" total="1" passed="1" failed="0" skipped="0">
  <reporter-output>
  </reporter-output>
  <suite started-at="2021-01-04T15:32:47 SAST" name="NPW SA Test Cases" finished-at="2021-01-04T15:36:02 SAST" duration-ms="195913">
    <groups>
    </groups>
    <test started-at="2021-01-04T15:32:47 SAST" name="NPW SA" finished-at="2021-01-04T15:36:02 SAST" duration-ms="195913">
      <class name="com.npw.smoke.NPW.TC_01_CheckHomePage">
        <test-method is-config="true" signature="launchBrowser(java.lang.String, java.lang.String, java.lang.String, java.lang.String)[pri:0, instance:[TC_01_CheckHomePage passed=0 failed=0 skipped=0]]" started-at="2021-01-04T15:32:47 SAST" name="launchBrowser" finished-at="2021-01-04T15:33:37 SAST" duration-ms="49959" status="PASS">
          <params>
            <param index="0">
              <value>
                <![CDATA[ff]]>
              </value>
            </param>
            <param index="1">
              <value>
                <![CDATA[http://oldmutual.co.za]]>
              </value>
            </param>
            <param index="2">
              <value>
                <![CDATA[Admin]]>
              </value>
            </param>
            <param index="3">
              <value>
                <![CDATA[Password1$]]>
              </value>
            </param>
          </params>
          <reporter-output>
          </reporter-output>
        </test-method> <!-- launchBrowser -->
        <test-method signature="ChechPage()[pri:0, instance:[TC_01_CheckHomePage passed=0 failed=0 skipped=0]]" started-at="2021-01-04T15:33:37 SAST" name="ChechPage" finished-at="2021-01-04T15:36:01 SAST" duration-ms="144038" status="PASS">
          <reporter-output>
          </reporter-output>
        </test-method> <!-- ChechPage -->
        <test-method is-config="true" signature="closeBrowser()[pri:0, instance:[TC_01_CheckHomePage passed=0 failed=0 skipped=0]]" started-at="2021-01-04T15:36:01 SAST" name="closeBrowser" finished-at="2021-01-04T15:36:02 SAST" duration-ms="1805" status="PASS">
          <reporter-output>
          </reporter-output>
        </test-method> <!-- closeBrowser -->
      </class> <!-- com.npw.smoke.NPW.TC_01_CheckHomePage -->
    </test> <!-- NPW SA -->
  </suite> <!-- NPW SA Test Cases -->
</testng-results>
