<?xml version="1.0" encoding="UTF-8"?>
<testng-results ignored="0" total="1" passed="1" failed="0" skipped="0">
  <reporter-output>
  </reporter-output>
  <suite started-at="2020-09-30T10:56:30 SAST" name="Default suite" finished-at="2020-09-30T10:56:40 SAST" duration-ms="10033">
    <groups>
    </groups>
    <test started-at="2020-09-30T10:56:30 SAST" name="Default test" finished-at="2020-09-30T10:56:40 SAST" duration-ms="10033">
      <class name="com.npw.testscripts.Generic.TC01_TestAPI">
        <test-method signature="API()[pri:0, instance:com.npw.testscripts.Generic.TC01_TestAPI@65fb9ffc]" started-at="2020-09-30T10:56:30 SAST" name="API" finished-at="2020-09-30T10:56:40 SAST" duration-ms="9899" status="PASS">
          <reporter-output>
          </reporter-output>
        </test-method> <!-- API -->
      </class> <!-- com.npw.testscripts.Generic.TC01_TestAPI -->
    </test> <!-- Default test -->
  </suite> <!-- Default suite -->
</testng-results>
